{"level":"debug","message":"[SIASN Middleware] Request masuk {\n  \"method\": \"GET\",\n  \"ip\": \"::ffff:127.0.0.1\"\n}","timestamp":"2025-11-22T01:40:49.293Z"}
{"level":"debug","message":"[SIASN Middleware] Request masuk {\n  \"method\": \"GET\",\n  \"ip\": \"::ffff:127.0.0.1\"\n}","timestamp":"2025-11-22T01:40:49.297Z"}
{"level":"debug","message":"[SIASN Middleware] Request masuk {\n  \"method\": \"GET\",\n  \"ip\": \"::ffff:127.0.0.1\"\n}","timestamp":"2025-11-22T01:40:49.298Z"}
{"level":"debug","message":"[SIASN Request] Memproses request {\n  \"method\": \"get\",\n  \"url\": \"/partition/list-pg-instansi?nip=197112141998031011\",\n  \"baseURL\": \"https://apimws.bkn.go.id:8243/apisiasn/1.0\"\n}","timestamp":"2025-11-22T01:40:49.299Z"}
{"level":"debug","message":"[SIASN Middleware] Menginisialisasi Redis client","timestamp":"2025-11-22T01:40:49.300Z"}
{"level":"info","message":"[SIASN Middleware] Redis client berhasil diinisialisasi","timestamp":"2025-11-22T01:40:49.300Z"}
{"level":"debug","message":"[SIASN Middleware] Menginisialisasi Redlock","timestamp":"2025-11-22T01:40:49.300Z"}
{"level":"info","message":"[SIASN Middleware] Redis dan Redlock berhasil diinisialisasi {\n  \"config\": {\n    \"driftFactor\": 0.01,\n    \"retryCount\": 3,\n    \"retryDelay\": 200,\n    \"retryJitter\": 200\n  }\n}","timestamp":"2025-11-22T01:40:49.300Z"}
{"level":"debug","message":"[SIASN Request] Memproses request {\n  \"method\": \"get\",\n  \"url\": \"/partition/profesi-instansi?nip=197112141998031011\",\n  \"baseURL\": \"https://apimws.bkn.go.id:8243/apisiasn/1.0\"\n}","timestamp":"2025-11-22T01:40:49.301Z"}
{"level":"debug","message":"[SIASN Token] Token ditemukan di cache Redis","timestamp":"2025-11-22T01:40:49.303Z"}
{"level":"debug","message":"[SIASN Request] Token berhasil ditambahkan ke header","timestamp":"2025-11-22T01:40:49.303Z"}
{"level":"debug","message":"[SIASN Token] Token ditemukan di cache Redis","timestamp":"2025-11-22T01:40:49.308Z"}
{"level":"debug","message":"[SIASN Request] Token berhasil ditambahkan ke header","timestamp":"2025-11-22T01:40:49.308Z"}
{"level":"debug","message":"[SIASN Middleware] Request masuk {\n  \"method\": \"GET\",\n  \"ip\": \"::ffff:127.0.0.1\"\n}","timestamp":"2025-11-22T01:40:49.417Z"}
{"level":"debug","message":"[SIASN Middleware] Request masuk {\n  \"method\": \"GET\",\n  \"ip\": \"::ffff:127.0.0.1\"\n}","timestamp":"2025-11-22T01:40:49.448Z"}
{"level":"debug","message":"[SIASN Middleware] Request masuk {\n  \"method\": \"GET\",\n  \"ip\": \"::ffff:127.0.0.1\"\n}","timestamp":"2025-11-22T01:40:49.865Z"}
{"level":"debug","message":"[SIASN Request] Memproses request {\n  \"method\": \"get\",\n  \"url\": \"/pns/data-utama/197112141998031011\",\n  \"baseURL\": \"https://apimws.bkn.go.id:8243/apisiasn/1.0\"\n}","timestamp":"2025-11-22T01:40:49.866Z"}
{"level":"debug","message":"[SIASN Middleware] Menginisialisasi Redis client","timestamp":"2025-11-22T01:40:49.866Z"}
{"level":"info","message":"[SIASN Middleware] Redis client berhasil diinisialisasi","timestamp":"2025-11-22T01:40:49.867Z"}
{"level":"debug","message":"[SIASN Middleware] Menginisialisasi Redlock","timestamp":"2025-11-22T01:40:49.867Z"}
{"level":"info","message":"[SIASN Middleware] Redis dan Redlock berhasil diinisialisasi {\n  \"config\": {\n    \"driftFactor\": 0.01,\n    \"retryCount\": 3,\n    \"retryDelay\": 200,\n    \"retryJitter\": 200\n  }\n}","timestamp":"2025-11-22T01:40:49.867Z"}
{"level":"debug","message":"[SIASN Token] Token ditemukan di cache Redis","timestamp":"2025-11-22T01:40:49.869Z"}
{"level":"debug","message":"[SIASN Request] Token berhasil ditambahkan ke header","timestamp":"2025-11-22T01:40:49.869Z"}
{"level":"debug","message":"[SIASN Request] Memproses request {\n  \"method\": \"get\",\n  \"url\": \"/pns/photo/A5EB041E87DCF6A0E040640A040252AD\",\n  \"baseURL\": \"https://apimws.bkn.go.id:8243/apisiasn/1.0\"\n}","timestamp":"2025-11-22T01:40:49.965Z"}
{"level":"debug","message":"[SIASN Middleware] Menginisialisasi Redis client","timestamp":"2025-11-22T01:40:49.966Z"}
{"level":"info","message":"[SIASN Middleware] Redis client berhasil diinisialisasi","timestamp":"2025-11-22T01:40:49.966Z"}
{"level":"debug","message":"[SIASN Middleware] Menginisialisasi Redlock","timestamp":"2025-11-22T01:40:49.967Z"}
{"level":"info","message":"[SIASN Middleware] Redis dan Redlock berhasil diinisialisasi {\n  \"config\": {\n    \"driftFactor\": 0.01,\n    \"retryCount\": 3,\n    \"retryDelay\": 200,\n    \"retryJitter\": 200\n  }\n}","timestamp":"2025-11-22T01:40:49.967Z"}
{"level":"debug","message":"[SIASN Token] Token ditemukan di cache Redis","timestamp":"2025-11-22T01:40:49.972Z"}
{"level":"debug","message":"[SIASN Request] Token berhasil ditambahkan ke header","timestamp":"2025-11-22T01:40:49.972Z"}
{"level":"debug","message":"[SIASN Request] Memproses request {\n  \"method\": \"get\",\n  \"url\": \"/pns/nilaiipasn/197112141998031011\",\n  \"baseURL\": \"https://apimws.bkn.go.id:8243/apisiasn/1.0\"\n}","timestamp":"2025-11-22T01:40:50.279Z"}
{"level":"debug","message":"[SIASN Middleware] Menginisialisasi Redis client","timestamp":"2025-11-22T01:40:50.281Z"}
{"level":"info","message":"[SIASN Middleware] Redis client berhasil diinisialisasi","timestamp":"2025-11-22T01:40:50.282Z"}
{"level":"debug","message":"[SIASN Middleware] Menginisialisasi Redlock","timestamp":"2025-11-22T01:40:50.282Z"}
{"level":"info","message":"[SIASN Middleware] Redis dan Redlock berhasil diinisialisasi {\n  \"config\": {\n    \"driftFactor\": 0.01,\n    \"retryCount\": 3,\n    \"retryDelay\": 200,\n    \"retryJitter\": 200\n  }\n}","timestamp":"2025-11-22T01:40:50.284Z"}
{"level":"debug","message":"[SIASN Token] Token ditemukan di cache Redis","timestamp":"2025-11-22T01:40:50.345Z"}
{"level":"debug","message":"[SIASN Request] Token berhasil ditambahkan ke header","timestamp":"2025-11-22T01:40:50.349Z"}
{"level":"debug","message":"[SIASN Middleware] Request masuk {\n  \"method\": \"GET\",\n  \"ip\": \"::ffff:127.0.0.1\"\n}","timestamp":"2025-11-22T01:40:50.859Z"}
{"level":"debug","message":"[SIASN Request] Memproses request {\n  \"method\": \"get\",\n  \"url\": \"/pns/rw-golongan/197112141998031011\",\n  \"baseURL\": \"https://apimws.bkn.go.id:8243/apisiasn/1.0\"\n}","timestamp":"2025-11-22T01:40:50.860Z"}
{"level":"debug","message":"[SIASN Middleware] Menginisialisasi Redis client","timestamp":"2025-11-22T01:40:50.860Z"}
{"level":"info","message":"[SIASN Middleware] Redis client berhasil diinisialisasi","timestamp":"2025-11-22T01:40:50.860Z"}
{"level":"debug","message":"[SIASN Middleware] Menginisialisasi Redlock","timestamp":"2025-11-22T01:40:50.860Z"}
{"level":"info","message":"[SIASN Middleware] Redis dan Redlock berhasil diinisialisasi {\n  \"config\": {\n    \"driftFactor\": 0.01,\n    \"retryCount\": 3,\n    \"retryDelay\": 200,\n    \"retryJitter\": 200\n  }\n}","timestamp":"2025-11-22T01:40:50.860Z"}
{"level":"debug","message":"[SIASN Token] Token ditemukan di cache Redis","timestamp":"2025-11-22T01:40:50.862Z"}
{"level":"debug","message":"[SIASN Request] Token berhasil ditambahkan ke header","timestamp":"2025-11-22T01:40:50.862Z"}
{"level":"debug","message":"[SIASN Middleware] Request masuk {\n  \"method\": \"GET\",\n  \"ip\": \"::ffff:127.0.0.1\"\n}","timestamp":"2025-11-22T01:40:51.671Z"}
{"level":"error","message":"[SIASN Error] Error terdeteksi pada request {\n  \"error\": \"Request failed with status code 403\",\n  \"code\": \"ERR_BAD_REQUEST\",\n  \"url\": \"/pns/photo/A5EB041E87DCF6A0E040640A040252AD\",\n  \"status\": 403\n}","timestamp":"2025-11-22T01:40:53.658Z"}
{"level":"debug","message":"[SIASN Error] Error tidak terkait dengan token, meneruskan error","timestamp":"2025-11-22T01:40:53.659Z"}
{"level":"debug","message":"[SIASN Middleware] Request masuk {\n  \"method\": \"GET\",\n  \"ip\": \"::ffff:127.0.0.1\"\n}","timestamp":"2025-11-22T01:41:08.503Z"}
{"level":"debug","message":"[SIASN Request] Memproses request {\n  \"method\": \"get\",\n  \"url\": \"/pns/photo/A5EB041E87DCF6A0E040640A040252AD\",\n  \"baseURL\": \"https://apimws.bkn.go.id:8243/apisiasn/1.0\"\n}","timestamp":"2025-11-22T01:41:08.566Z"}
{"level":"debug","message":"[SIASN Middleware] Menginisialisasi Redis client","timestamp":"2025-11-22T01:41:08.567Z"}
{"level":"info","message":"[SIASN Middleware] Redis client berhasil diinisialisasi","timestamp":"2025-11-22T01:41:08.568Z"}
{"level":"debug","message":"[SIASN Middleware] Menginisialisasi Redlock","timestamp":"2025-11-22T01:41:08.569Z"}
{"level":"info","message":"[SIASN Middleware] Redis dan Redlock berhasil diinisialisasi {\n  \"config\": {\n    \"driftFactor\": 0.01,\n    \"retryCount\": 3,\n    \"retryDelay\": 200,\n    \"retryJitter\": 200\n  }\n}","timestamp":"2025-11-22T01:41:08.570Z"}
{"level":"debug","message":"[SIASN Token] Token ditemukan di cache Redis","timestamp":"2025-11-22T01:41:08.572Z"}
{"level":"debug","message":"[SIASN Request] Token berhasil ditambahkan ke header","timestamp":"2025-11-22T01:41:08.572Z"}
{"level":"debug","message":"[SIASN Middleware] Request masuk {\n  \"method\": \"GET\",\n  \"ip\": \"::ffff:127.0.0.1\"\n}","timestamp":"2025-11-22T01:42:07.160Z"}
{"level":"debug","message":"[SIASN Request] Memproses request {\n  \"method\": \"get\",\n  \"url\": \"/pns/rw-skp22/197112141998031011\",\n  \"baseURL\": \"https://apimws.bkn.go.id:8243/apisiasn/1.0\"\n}","timestamp":"2025-11-22T01:42:07.161Z"}
{"level":"debug","message":"[SIASN Middleware] Menginisialisasi Redis client","timestamp":"2025-11-22T01:42:07.161Z"}
{"level":"info","message":"[SIASN Middleware] Redis client berhasil diinisialisasi","timestamp":"2025-11-22T01:42:07.161Z"}
{"level":"debug","message":"[SIASN Middleware] Menginisialisasi Redlock","timestamp":"2025-11-22T01:42:07.161Z"}
{"level":"info","message":"[SIASN Middleware] Redis dan Redlock berhasil diinisialisasi {\n  \"config\": {\n    \"driftFactor\": 0.01,\n    \"retryCount\": 3,\n    \"retryDelay\": 200,\n    \"retryJitter\": 200\n  }\n}","timestamp":"2025-11-22T01:42:07.161Z"}
{"level":"debug","message":"[SIASN Token] Token ditemukan di cache Redis","timestamp":"2025-11-22T01:42:07.163Z"}
{"level":"debug","message":"[SIASN Request] Token berhasil ditambahkan ke header","timestamp":"2025-11-22T01:42:07.163Z"}
{"level":"info","message":"[SIASN] Redis initialized","timestamp":"2025-11-22T01:47:08.842Z"}
{"level":"info","message":"[SIASN] Redis initialized","timestamp":"2025-11-22T01:47:09.363Z"}
{"level":"info","message":"[SIASN] Redis initialized","timestamp":"2025-11-22T01:47:09.938Z"}
{"level":"info","message":"[SIASN] Redis initialized","timestamp":"2025-11-22T01:47:09.956Z"}
{"level":"info","message":"[SIASN] Redis initialized","timestamp":"2025-11-22T01:47:22.577Z"}
{"level":"info","message":"[SIASN] Redis initialized","timestamp":"2025-11-22T01:47:41.221Z"}
{"level":"error","message":"Error occurred: {\n  \"code\": 500\n}","timestamp":"2025-11-22T01:47:46.018Z"}
{"level":"info","message":"[SIASN] Redis initialized","timestamp":"2025-11-22T01:48:04.861Z"}
{"level":"info","message":"[SIASN] Redis initialized","timestamp":"2025-11-22T02:31:55.215Z"}
{"level":"info","message":"[SIASN] Redis initialized","timestamp":"2025-11-22T02:31:55.222Z"}
{"level":"info","message":"[SIASN] Redis initialized","timestamp":"2025-11-22T02:31:55.223Z"}
{"level":"info","message":"[SIASN] Redis initialized","timestamp":"2025-11-22T02:31:55.223Z"}
{"level":"info","message":"[SIASN] Redis initialized","timestamp":"2025-11-22T02:31:55.224Z"}
{"level":"info","message":"[SIASN] Creating new token","timestamp":"2025-11-22T02:31:55.285Z"}
{"level":"info","message":"[SIASN] Redis initialized","timestamp":"2025-11-22T02:32:26.968Z"}
{"level":"info","message":"[SIASN] Redis initialized","timestamp":"2025-11-22T02:32:26.968Z"}
{"level":"info","message":"[SIASN] Redis initialized","timestamp":"2025-11-22T02:32:29.316Z"}
{"level":"info","message":"[SIASN] Redis initialized","timestamp":"2025-11-22T02:32:29.339Z"}
{"level":"info","message":"[SIASN] Redis initialized","timestamp":"2025-11-22T02:32:34.464Z"}
{"level":"info","message":"[SIASN] Redis initialized","timestamp":"2025-11-22T02:35:22.675Z"}
{"level":"info","message":"[SIASN] Redis initialized","timestamp":"2025-11-22T02:35:22.677Z"}
{"level":"info","message":"[SIASN] Redis initialized","timestamp":"2025-11-22T02:35:22.677Z"}
{"level":"info","message":"[SIASN] Creating new token","timestamp":"2025-11-22T02:35:22.700Z"}
{"level":"warn","message":"[SIASN] Lock acquisition failed, trying fallback {\n  \"error\": \"The operation was unable to achieve a quorum during its retry window.\"\n}","timestamp":"2025-11-22T02:35:23.247Z"}
{"level":"warn","message":"[SIASN] Lock acquisition failed, trying fallback {\n  \"error\": \"The operation was unable to achieve a quorum during its retry window.\"\n}","timestamp":"2025-11-22T02:35:23.341Z"}
{"level":"warn","message":"[SIASN] Lock acquisition failed, trying fallback {\n  \"error\": \"The operation was unable to achieve a quorum during its retry window.\"\n}","timestamp":"2025-11-22T02:35:23.492Z"}
{"level":"info","message":"[SIASN] Token acquired on retry 1","timestamp":"2025-11-22T02:35:24.255Z"}
{"level":"info","message":"[SIASN] Token acquired on retry 1","timestamp":"2025-11-22T02:35:24.347Z"}
{"level":"info","message":"[SIASN] Token acquired on retry 1","timestamp":"2025-11-22T02:35:24.497Z"}
{"level":"error","message":"[SIASN] Server error: {\n  \"url\": \"/partition/list-pg-instansi?nip=199103052019031008\",\n  \"status\": 500,\n  \"message\": \"Request failed with status code 500\"\n}","timestamp":"2025-11-22T02:35:25.501Z"}
{"level":"info","message":"[SIASN] Redis initialized","timestamp":"2025-11-22T02:35:52.034Z"}
{"level":"info","message":"[SIASN] Redis initialized","timestamp":"2025-11-22T02:35:57.891Z"}
{"level":"info","message":"[SIASN] Redis initialized","timestamp":"2025-11-22T02:41:03.864Z"}
{"level":"info","message":"[SIASN] Redis initialized","timestamp":"2025-11-22T02:41:03.866Z"}
{"level":"error","message":"[SIASN] Server error: {\n  \"url\": \"/partition/list-pg-instansi?nip=199103052019031008\",\n  \"status\": 500,\n  \"message\": \"Request failed with status code 500\"\n}","timestamp":"2025-11-22T02:41:07.203Z"}
{"level":"info","message":"[SIASN] Redis initialized","timestamp":"2025-11-22T02:44:02.921Z"}
{"level":"warn","message":"[SIASN] Token invalid/expired, invalidating cache {\n  \"url\": \"/pns/rw-golongan/199103052019031008\"\n}","timestamp":"2025-11-22T02:44:13.041Z"}
{"level":"info","message":"[SIASN] Redis initialized","timestamp":"2025-11-22T02:45:40.482Z"}
{"level":"info","message":"[SIASN] Creating new token","timestamp":"2025-11-22T02:45:40.509Z"}
{"level":"info","message":"[SIASN] Redis initialized","timestamp":"2025-11-22T02:47:32.093Z"}
{"level":"info","message":"[SIASN] Redis initialized","timestamp":"2025-11-22T02:47:33.300Z"}
{"level":"error","message":"[SIASN] Server error: {\n  \"url\": \"/partition/list-pg-instansi?nip=199103052019031008\",\n  \"status\": 500,\n  \"message\": \"Request failed with status code 500\"\n}","timestamp":"2025-11-22T02:47:33.683Z"}
{"level":"info","message":"[SIASN] Redis initialized","timestamp":"2025-11-22T02:47:33.858Z"}
{"level":"info","message":"[SIASN] Redis initialized","timestamp":"2025-11-22T02:47:57.695Z"}
{"level":"info","message":"[SIASN] Redis initialized","timestamp":"2025-11-22T02:47:57.697Z"}
{"level":"info","message":"[SIASN] Redis initialized","timestamp":"2025-11-22T02:50:52.771Z"}
{"level":"info","message":"[SIASN] Redis initialized","timestamp":"2025-11-22T02:50:53.347Z"}
{"level":"error","message":"[SIASN] Server error: {\n  \"url\": \"/partition/list-pg-instansi?nip=199103052019031008\",\n  \"status\": 500,\n  \"message\": \"Request failed with status code 500\"\n}","timestamp":"2025-11-22T02:50:54.983Z"}
{"level":"info","message":"[SIASN] Redis initialized","timestamp":"2025-11-22T02:51:37.463Z"}
{"level":"info","message":"[SIASN] Redis initialized","timestamp":"2025-11-22T02:55:27.563Z"}
{"level":"info","message":"[SIASN] Redis initialized","timestamp":"2025-11-22T02:57:09.561Z"}
{"level":"info","message":"[SIASN] Redis initialized","timestamp":"2025-11-22T02:57:09.562Z"}
{"level":"info","message":"[SIASN] Redis initialized","timestamp":"2025-11-22T02:57:09.863Z"}
{"level":"error","message":"[SIASN] Server error: {\n  \"url\": \"/partition/list-pg-instansi?nip=199103052019031008\",\n  \"status\": 500,\n  \"message\": \"Request failed with status code 500\"\n}","timestamp":"2025-11-22T02:57:10.825Z"}
{"level":"info","message":"[SIASN] Redis initialized","timestamp":"2025-11-22T02:57:14.263Z"}
{"level":"info","message":"[SIASN] Redis initialized","timestamp":"2025-11-22T02:57:14.264Z"}
{"level":"info","message":"[SIASN] Redis initialized","timestamp":"2025-11-22T02:57:14.556Z"}
{"level":"info","message":"[SIASN] Redis initialized","timestamp":"2025-11-22T02:57:24.354Z"}
{"level":"info","message":"[SIASN] Redis initialized","timestamp":"2025-11-22T03:02:14.800Z"}
{"level":"info","message":"[SIASN] Redis initialized","timestamp":"2025-11-22T03:03:11.870Z"}
{"level":"info","message":"[SIASN] Redis initialized","timestamp":"2025-11-22T03:03:11.870Z"}
{"level":"error","message":"[SIASN] Server error: {\n  \"url\": \"/partition/list-pg-instansi?nip=199103052019031008\",\n  \"status\": 500,\n  \"message\": \"Request failed with status code 500\"\n}","timestamp":"2025-11-22T03:03:14.038Z"}
{"level":"info","message":"[SIASN] Redis initialized","timestamp":"2025-11-22T03:05:18.948Z"}
{"level":"info","message":"[SIASN] Redis initialized","timestamp":"2025-11-22T03:07:13.736Z"}
{"level":"info","message":"[SIASN] Redis initialized","timestamp":"2025-11-22T03:07:14.618Z"}
{"level":"info","message":"[SIASN] Redis initialized","timestamp":"2025-11-22T03:07:14.731Z"}
{"level":"error","message":"[SIASN] Server error: {\n  \"url\": \"/partition/list-pg-instansi?nip=199103052019031008\",\n  \"status\": 500,\n  \"message\": \"Request failed with status code 500\"\n}","timestamp":"2025-11-22T03:07:19.947Z"}
{"level":"info","message":"[SIASN] Redis initialized","timestamp":"2025-11-22T03:08:11.134Z"}
{"level":"info","message":"[SIASN] Redis initialized","timestamp":"2025-11-22T03:09:09.584Z"}
{"level":"error","message":"[SIASN] Server error: {\n  \"url\": \"/partition/list-pg-instansi?nip=199103052019031008\",\n  \"status\": 500,\n  \"message\": \"Request failed with status code 500\"\n}","timestamp":"2025-11-22T03:09:10.825Z"}
{"level":"info","message":"[SIASN] Redis initialized","timestamp":"2025-11-22T03:09:52.777Z"}
{"level":"info","message":"[SIASN] Redis initialized","timestamp":"2025-11-22T03:10:03.466Z"}
{"level":"info","message":"[SIASN] Redis initialized","timestamp":"2025-11-22T03:10:48.591Z"}
{"level":"error","message":"[SIASN] Server error: {\n  \"url\": \"/partition/list-pg-instansi?nip=199103052019031008\",\n  \"status\": 500,\n  \"message\": \"Request failed with status code 500\"\n}","timestamp":"2025-11-22T03:10:50.296Z"}
{"level":"info","message":"[SIASN] Redis initialized","timestamp":"2025-11-22T03:12:34.125Z"}
{"level":"info","message":"[SIASN] Redis initialized","timestamp":"2025-11-22T03:16:12.493Z"}
{"level":"info","message":"[SIASN] Redis initialized","timestamp":"2025-11-22T03:18:31.107Z"}
{"level":"info","message":"[SIASN] Redis initialized","timestamp":"2025-11-22T03:19:14.259Z"}
{"level":"info","message":"[SIASN] Redis initialized","timestamp":"2025-11-22T03:19:27.439Z"}
{"level":"info","message":"[SIASN] Redis initialized","timestamp":"2025-11-22T03:19:32.077Z"}
{"level":"info","message":"[SIASN] Redis initialized","timestamp":"2025-11-22T03:20:31.011Z"}
{"level":"info","message":"[SIASN] Redis initialized","timestamp":"2025-11-22T03:23:32.118Z"}
{"level":"info","message":"[SIASN] Redis initialized","timestamp":"2025-11-22T03:24:12.839Z"}
{"level":"info","message":"[SIASN] Redis initialized","timestamp":"2025-11-22T03:25:26.941Z"}
{"level":"info","message":"[SIASN] Redis initialized","timestamp":"2025-11-22T03:25:43.170Z"}
{"level":"info","message":"[SIASN] Redis initialized","timestamp":"2025-11-22T03:25:53.396Z"}
{"level":"info","message":"[SIASN] Redis initialized","timestamp":"2025-11-22T03:27:48.338Z"}
{"level":"info","message":"[SIASN] Redis initialized","timestamp":"2025-11-22T03:27:48.339Z"}
{"level":"error","message":"[SIASN] Server error: {\n  \"url\": \"/partition/list-pg-instansi?nip=199103052019031008\",\n  \"status\": 500,\n  \"message\": \"Request failed with status code 500\"\n}","timestamp":"2025-11-22T03:27:50.371Z"}
{"level":"info","message":"[SIASN] Redis initialized","timestamp":"2025-11-22T03:27:50.496Z"}
{"level":"info","message":"[SIASN] Redis initialized","timestamp":"2025-11-22T03:27:52.083Z"}
{"level":"info","message":"[SIASN] Redis initialized","timestamp":"2025-11-22T03:27:52.133Z"}
{"level":"info","message":"[SIASN] Redis initialized","timestamp":"2025-11-22T03:29:44.627Z"}
{"level":"info","message":"[SIASN] Redis initialized","timestamp":"2025-11-22T03:30:25.529Z"}
{"level":"info","message":"[SIASN] Redis initialized","timestamp":"2025-11-22T03:30:28.698Z"}
{"level":"info","message":"[SIASN] Redis initialized","timestamp":"2025-11-22T03:30:29.346Z"}
{"level":"info","message":"[SIASN] Redis initialized","timestamp":"2025-11-22T03:30:49.844Z"}
{"level":"info","message":"[SIASN] Redis initialized","timestamp":"2025-11-22T03:30:49.845Z"}
{"level":"info","message":"[SIASN] Redis initialized","timestamp":"2025-11-22T03:30:49.845Z"}
{"level":"info","message":"[SIASN] Redis initialized","timestamp":"2025-11-22T03:31:13.764Z"}
{"level":"info","message":"[SIASN] Redis initialized","timestamp":"2025-11-22T03:32:42.637Z"}
{"level":"info","message":"[SIASN] Redis initialized","timestamp":"2025-11-22T03:33:02.914Z"}
{"level":"info","message":"[SIASN] Redis initialized","timestamp":"2025-11-22T03:33:07.395Z"}
{"level":"error","message":"[SIASN] Server error: {\n  \"url\": \"/partition/list-pg-instansi?nip=199103052019031008\",\n  \"status\": 500,\n  \"message\": \"Request failed with status code 500\"\n}","timestamp":"2025-11-22T03:33:13.029Z"}
{"level":"info","message":"[SIASN] Redis initialized","timestamp":"2025-11-22T03:33:26.452Z"}
{"level":"info","message":"[SIASN] Redis initialized","timestamp":"2025-11-22T03:36:35.362Z"}
{"level":"info","message":"[SIASN] Redis initialized","timestamp":"2025-11-22T03:36:52.905Z"}
{"level":"info","message":"[SIASN] Redis initialized","timestamp":"2025-11-22T03:38:17.105Z"}
{"level":"info","message":"[SIASN] Redis initialized","timestamp":"2025-11-22T03:39:12.977Z"}
{"level":"info","message":"[SIASN] Redis initialized","timestamp":"2025-11-22T03:39:28.929Z"}
{"level":"info","message":"[SIASN] Redis initialized","timestamp":"2025-11-22T03:39:44.570Z"}
{"level":"info","message":"[SIASN] Redis initialized","timestamp":"2025-11-22T03:39:44.571Z"}
{"level":"error","message":"[SIASN] Server error: {\n  \"url\": \"/partition/list-pg-instansi?nip=199103052019031008\",\n  \"status\": 500,\n  \"message\": \"Request failed with status code 500\"\n}","timestamp":"2025-11-22T03:39:45.904Z"}
{"level":"info","message":"[SIASN] Redis initialized","timestamp":"2025-11-22T03:39:59.677Z"}
{"level":"info","message":"[SIASN] Redis initialized","timestamp":"2025-11-22T03:40:09.457Z"}
{"level":"info","message":"[SIASN] Redis initialized","timestamp":"2025-11-22T03:40:17.993Z"}
{"level":"info","message":"[SIASN] Redis initialized","timestamp":"2025-11-22T03:40:35.891Z"}
{"level":"info","message":"[SIASN] Redis initialized","timestamp":"2025-11-22T03:40:36.093Z"}
{"level":"info","message":"[SIASN] Redis initialized","timestamp":"2025-11-22T03:40:45.780Z"}
{"level":"info","message":"[SIASN] Redis initialized","timestamp":"2025-11-22T03:41:16.053Z"}
{"level":"info","message":"[SIASN] Redis initialized","timestamp":"2025-11-22T03:41:16.053Z"}
{"level":"error","message":"[SIASN] Server error: {\n  \"url\": \"/partition/list-pg-instansi?nip=199103052019031008\",\n  \"status\": 500,\n  \"message\": \"Request failed with status code 500\"\n}","timestamp":"2025-11-22T03:41:19.606Z"}
{"level":"info","message":"[SIASN] Redis initialized","timestamp":"2025-11-22T03:41:29.244Z"}
{"level":"info","message":"[SIASN] Redis initialized","timestamp":"2025-11-22T03:41:30.318Z"}
{"level":"info","message":"[SIASN] Redis initialized","timestamp":"2025-11-22T03:41:52.698Z"}
{"level":"info","message":"[SIASN] Redis initialized","timestamp":"2025-11-22T03:41:57.214Z"}
{"level":"info","message":"[SIASN] Redis initialized","timestamp":"2025-11-22T03:42:02.045Z"}
{"level":"info","message":"[SIASN] Redis initialized","timestamp":"2025-11-22T03:42:34.737Z"}
{"level":"info","message":"[SIASN] Redis initialized","timestamp":"2025-11-22T03:44:17.502Z"}
{"level":"info","message":"[SIASN] Redis initialized","timestamp":"2025-11-22T03:44:28.114Z"}
{"level":"info","message":"[SIASN] Redis initialized","timestamp":"2025-11-22T03:44:30.364Z"}
{"level":"info","message":"[SIASN] Redis initialized","timestamp":"2025-11-22T03:44:34.867Z"}
{"level":"info","message":"[SIASN] Redis initialized","timestamp":"2025-11-22T03:44:43.156Z"}
{"level":"info","message":"[SIASN] Redis initialized","timestamp":"2025-11-22T03:44:44.131Z"}
{"level":"info","message":"[SIASN] Creating new token","timestamp":"2025-11-22T03:45:56.520Z"}
{"level":"info","message":"[SIASN] Redis initialized","timestamp":"2025-11-22T03:46:31.158Z"}
{"level":"info","message":"[SIASN] Redis initialized","timestamp":"2025-11-22T03:46:51.624Z"}
{"level":"info","message":"[SIASN] Redis initialized","timestamp":"2025-11-22T03:46:58.676Z"}
{"level":"info","message":"[SIASN] Redis initialized","timestamp":"2025-11-22T03:47:06.534Z"}
{"level":"info","message":"[SIASN] Redis initialized","timestamp":"2025-11-22T03:47:43.561Z"}
{"level":"info","message":"[SIASN] Redis initialized","timestamp":"2025-11-22T03:48:15.061Z"}
{"level":"info","message":"[SIASN] Redis initialized","timestamp":"2025-11-22T03:48:18.087Z"}
{"level":"info","message":"[SIASN] Redis initialized","timestamp":"2025-11-22T03:49:11.364Z"}
{"level":"info","message":"[SIASN] Redis initialized","timestamp":"2025-11-22T03:49:30.955Z"}
{"level":"info","message":"[SIASN] Redis initialized","timestamp":"2025-11-22T03:49:43.320Z"}
{"level":"info","message":"[SIASN] Redis initialized","timestamp":"2025-11-22T03:50:20.771Z"}
{"level":"info","message":"[SIASN] Redis initialized","timestamp":"2025-11-22T03:50:21.616Z"}
{"level":"info","message":"[SIASN] Redis initialized","timestamp":"2025-11-22T03:51:56.250Z"}
{"level":"info","message":"[SIASN] Redis initialized","timestamp":"2025-11-22T03:52:00.523Z"}
{"level":"info","message":"[SIASN] Redis initialized","timestamp":"2025-11-22T03:52:01.517Z"}
{"level":"info","message":"[SIASN] Redis initialized","timestamp":"2025-11-22T03:52:19.959Z"}
{"level":"info","message":"[SIASN] Redis initialized","timestamp":"2025-11-22T03:53:53.094Z"}
{"level":"info","message":"[SIASN] Redis initialized","timestamp":"2025-11-22T03:54:43.076Z"}
{"level":"info","message":"[SIASN] Redis initialized","timestamp":"2025-11-22T03:54:43.183Z"}
{"level":"info","message":"[SIASN] Redis initialized","timestamp":"2025-11-22T03:54:57.225Z"}
{"level":"error","message":"Error occurred: {\n  \"code\": 500\n}","timestamp":"2025-11-22T03:54:58.563Z"}
{"level":"info","message":"[SIASN] Redis initialized","timestamp":"2025-11-22T03:55:25.799Z"}
{"level":"info","message":"[SIASN] Redis initialized","timestamp":"2025-11-22T03:57:42.206Z"}
{"level":"info","message":"[SIASN] Redis initialized","timestamp":"2025-11-22T03:58:07.685Z"}
{"level":"info","message":"[SIASN] Redis initialized","timestamp":"2025-11-22T03:58:07.796Z"}
{"level":"info","message":"[SIASN] Redis initialized","timestamp":"2025-11-22T03:58:15.731Z"}
{"level":"info","message":"[SIASN] Redis initialized","timestamp":"2025-11-22T03:58:30.505Z"}
{"level":"info","message":"[SIASN] Redis initialized","timestamp":"2025-11-22T03:58:51.642Z"}
{"level":"info","message":"[SIASN] Redis initialized","timestamp":"2025-11-22T03:58:51.643Z"}
{"level":"info","message":"[SIASN] Redis initialized","timestamp":"2025-11-22T03:59:01.546Z"}
{"level":"info","message":"[SIASN] Redis initialized","timestamp":"2025-11-22T03:59:47.134Z"}
{"level":"info","message":"[SIASN] Redis initialized","timestamp":"2025-11-22T04:02:24.397Z"}
{"level":"error","message":"[SIASN] Server error: {\n  \"url\": \"/partition/list-pg-instansi?nip=199103052019031008\",\n  \"status\": 500,\n  \"message\": \"Request failed with status code 500\"\n}","timestamp":"2025-11-22T04:02:27.637Z"}
{"level":"info","message":"[SIASN] Redis initialized","timestamp":"2025-11-22T04:02:33.004Z"}
{"level":"info","message":"[SIASN] Redis initialized","timestamp":"2025-11-22T04:02:34.187Z"}
{"level":"info","message":"[SIASN] Redis initialized","timestamp":"2025-11-22T04:19:59.446Z"}
{"level":"info","message":"[SIASN] Redis initialized","timestamp":"2025-11-22T04:20:16.929Z"}
{"level":"info","message":"[SIASN] Redis initialized","timestamp":"2025-11-22T04:20:27.573Z"}
{"level":"info","message":"[SIASN] Redis initialized","timestamp":"2025-11-22T04:20:30.494Z"}
{"level":"info","message":"[SIASN] Redis initialized","timestamp":"2025-11-22T04:20:32.285Z"}
{"level":"info","message":"[SIASN] Redis initialized","timestamp":"2025-11-22T04:20:33.234Z"}
{"level":"info","message":"[SIASN] Redis initialized","timestamp":"2025-11-22T04:21:12.653Z"}
{"level":"info","message":"[SIASN] Redis initialized","timestamp":"2025-11-22T04:21:33.201Z"}
{"level":"info","message":"[SIASN] Redis initialized","timestamp":"2025-11-22T04:21:36.925Z"}
{"level":"info","message":"[SIASN] Redis initialized","timestamp":"2025-11-22T04:21:48.483Z"}
{"level":"error","message":"Error occurred: {\n  \"message\": \"(0 , _masterutils.getHukdis) is not a function\",\n  \"code\": 500,\n  \"stack\": \"TypeError: (0 , _masterutils.getHukdis) is not a function\\n    at Array.rwHukdisByNip (webpack-internal:///(api)/./controller/master.controller.js:653:57)\\n    at next (file:///Users/taufiqurrohmansuwarto/Applications/rumahasn/node_modules/next-connect/dist/esm/router.js:48:36)\\n    at Array.checkEmployee (webpack-internal:///(api)/./middleware/check-employee.middleware.js:72:9)\\n    at process.processTicksAndRejections (node:internal/process/task_queues:105:5)\"\n}","timestamp":"2025-11-22T04:21:48.484Z"}
{"level":"error","message":"Error occurred: {\n  \"message\": \"(0 , _masterutils.getHukdis) is not a function\",\n  \"code\": 500,\n  \"stack\": \"TypeError: (0 , _masterutils.getHukdis) is not a function\\n    at Array.rwHukdisByNip (webpack-internal:///(api)/./controller/master.controller.js:653:57)\\n    at next (file:///Users/taufiqurrohmansuwarto/Applications/rumahasn/node_modules/next-connect/dist/esm/router.js:48:36)\\n    at Array.checkEmployee (webpack-internal:///(api)/./middleware/check-employee.middleware.js:72:9)\\n    at process.processTicksAndRejections (node:internal/process/task_queues:105:5)\"\n}","timestamp":"2025-11-22T04:21:54.392Z"}
{"level":"info","message":"[SIASN] Redis initialized","timestamp":"2025-11-22T04:21:55.835Z"}
{"level":"error","message":"Error occurred: {\n  \"message\": \"(0 , _masterutils.getHukdis) is not a function\",\n  \"code\": 500,\n  \"stack\": \"TypeError: (0 , _masterutils.getHukdis) is not a function\\n    at Array.rwHukdisByNip (webpack-internal:///(api)/./controller/master.controller.js:653:57)\\n    at next (file:///Users/taufiqurrohmansuwarto/Applications/rumahasn/node_modules/next-connect/dist/esm/router.js:48:36)\\n    at Array.checkEmployee (webpack-internal:///(api)/./middleware/check-employee.middleware.js:72:9)\\n    at process.processTicksAndRejections (node:internal/process/task_queues:105:5)\"\n}","timestamp":"2025-11-22T04:21:56.788Z"}
{"level":"error","message":"Error occurred: {\n  \"message\": \"(0 , _masterutils.getHukdis) is not a function\",\n  \"code\": 500,\n  \"stack\": \"TypeError: (0 , _masterutils.getHukdis) is not a function\\n    at Array.rwHukdisByNip (webpack-internal:///(api)/./controller/master.controller.js:653:57)\\n    at next (file:///Users/taufiqurrohmansuwarto/Applications/rumahasn/node_modules/next-connect/dist/esm/router.js:48:36)\\n    at Array.checkEmployee (webpack-internal:///(api)/./middleware/check-employee.middleware.js:72:9)\\n    at process.processTicksAndRejections (node:internal/process/task_queues:105:5)\"\n}","timestamp":"2025-11-22T04:22:06.639Z"}
{"level":"info","message":"[SIASN] Redis initialized","timestamp":"2025-11-22T04:22:30.137Z"}
{"level":"info","message":"[SIASN] Redis initialized","timestamp":"2025-11-22T04:22:46.036Z"}
{"level":"info","message":"[SIASN] Redis initialized","timestamp":"2025-11-22T04:23:20.529Z"}
{"level":"info","message":"[SIASN] Redis initialized","timestamp":"2025-11-22T04:23:33.586Z"}
{"level":"info","message":"[SIASN] Redis initialized","timestamp":"2025-11-22T04:23:50.201Z"}
{"level":"error","message":"Error occurred: {\n  \"message\": \"(0 , _masterutils.getHukdis) is not a function\",\n  \"code\": 500,\n  \"stack\": \"TypeError: (0 , _masterutils.getHukdis) is not a function\\n    at Array.rwHukdisByNip (webpack-internal:///(api)/./controller/master.controller.js:653:57)\\n    at next (file:///Users/taufiqurrohmansuwarto/Applications/rumahasn/node_modules/next-connect/dist/esm/router.js:48:36)\\n    at Array.checkEmployee (webpack-internal:///(api)/./middleware/check-employee.middleware.js:72:9)\\n    at process.processTicksAndRejections (node:internal/process/task_queues:105:5)\"\n}","timestamp":"2025-11-22T04:24:13.964Z"}
{"level":"info","message":"[SIASN] Redis initialized","timestamp":"2025-11-22T04:24:33.024Z"}
{"level":"info","message":"[SIASN] Redis initialized","timestamp":"2025-11-22T04:24:55.035Z"}
{"level":"error","message":"Error occurred: {\n  \"message\": \"(0 , _masterutils.getHukdis) is not a function\",\n  \"code\": 500,\n  \"stack\": \"TypeError: (0 , _masterutils.getHukdis) is not a function\\n    at Array.rwHukdisByNip (webpack-internal:///(api)/./controller/master.controller.js:653:57)\\n    at next (file:///Users/taufiqurrohmansuwarto/Applications/rumahasn/node_modules/next-connect/dist/esm/router.js:48:36)\\n    at Array.checkEmployee (webpack-internal:///(api)/./middleware/check-employee.middleware.js:72:9)\\n    at process.processTicksAndRejections (node:internal/process/task_queues:105:5)\"\n}","timestamp":"2025-11-22T04:25:33.102Z"}
{"level":"info","message":"[SIASN] Redis initialized","timestamp":"2025-11-22T04:25:33.106Z"}
{"level":"info","message":"[SIASN] Redis initialized","timestamp":"2025-11-22T04:25:35.494Z"}
{"level":"error","message":"Error occurred: {\n  \"message\": \"(0 , _masterutils.getHukdis) is not a function\",\n  \"code\": 500,\n  \"stack\": \"TypeError: (0 , _masterutils.getHukdis) is not a function\\n    at Array.rwHukdisByNip (webpack-internal:///(api)/./controller/master.controller.js:653:57)\\n    at next (file:///Users/taufiqurrohmansuwarto/Applications/rumahasn/node_modules/next-connect/dist/esm/router.js:48:36)\\n    at Array.checkEmployee (webpack-internal:///(api)/./middleware/check-employee.middleware.js:72:9)\\n    at process.processTicksAndRejections (node:internal/process/task_queues:105:5)\"\n}","timestamp":"2025-11-22T04:25:37.444Z"}
{"level":"error","message":"Error occurred: {\n  \"message\": \"(0 , _masterutils.getHukdis) is not a function\",\n  \"code\": 500,\n  \"stack\": \"TypeError: (0 , _masterutils.getHukdis) is not a function\\n    at Array.rwHukdisByNip (webpack-internal:///(api)/./controller/master.controller.js:653:57)\\n    at next (file:///Users/taufiqurrohmansuwarto/Applications/rumahasn/node_modules/next-connect/dist/esm/router.js:48:36)\\n    at Array.checkEmployee (webpack-internal:///(api)/./middleware/check-employee.middleware.js:72:9)\\n    at process.processTicksAndRejections (node:internal/process/task_queues:105:5)\"\n}","timestamp":"2025-11-22T04:25:44.098Z"}
{"level":"info","message":"[SIASN] Redis initialized","timestamp":"2025-11-22T04:25:45.495Z"}
{"level":"info","message":"[SIASN] Redis initialized","timestamp":"2025-11-22T04:25:56.588Z"}
{"level":"info","message":"[SIASN] Redis initialized","timestamp":"2025-11-22T04:25:58.262Z"}
{"level":"info","message":"[SIASN] Redis initialized","timestamp":"2025-11-22T04:26:11.749Z"}
{"level":"info","message":"[SIASN] Redis initialized","timestamp":"2025-11-22T04:26:21.594Z"}
{"level":"info","message":"[SIASN] Redis initialized","timestamp":"2025-11-22T04:41:51.213Z"}
{"level":"info","message":"[SIASN] Redis initialized","timestamp":"2025-11-22T04:41:51.216Z"}
{"level":"info","message":"[SIASN] Redis initialized","timestamp":"2025-11-22T04:41:51.216Z"}
{"level":"info","message":"[SIASN] Redis initialized","timestamp":"2025-11-22T04:41:51.217Z"}
{"level":"info","message":"[SIASN] Redis initialized","timestamp":"2025-11-22T04:41:51.217Z"}
{"level":"info","message":"[SIASN] Redis initialized","timestamp":"2025-11-22T04:42:07.951Z"}
{"level":"info","message":"[SIASN] Redis initialized","timestamp":"2025-11-22T04:42:08.500Z"}
{"level":"info","message":"[SIASN] Redis initialized","timestamp":"2025-11-22T04:42:08.761Z"}
{"level":"error","message":"[SIASN] Server error: {\n  \"url\": \"/partition/list-pg-instansi?nip=199103052019031008\",\n  \"status\": 500,\n  \"message\": \"Request failed with status code 500\"\n}","timestamp":"2025-11-22T04:42:10.313Z"}
{"level":"info","message":"[SIASN] Redis initialized","timestamp":"2025-11-22T04:42:12.246Z"}
{"level":"info","message":"[SIASN] Redis initialized","timestamp":"2025-11-22T04:42:15.253Z"}
{"level":"info","message":"[SIASN] Redis initialized","timestamp":"2025-11-22T04:42:15.254Z"}
{"level":"info","message":"[SIASN] Redis initialized","timestamp":"2025-11-22T04:42:15.254Z"}
{"level":"info","message":"[SIASN] Redis initialized","timestamp":"2025-11-22T04:42:25.102Z"}
{"level":"info","message":"[SIASN] Redis initialized","timestamp":"2025-11-22T04:42:42.126Z"}
{"level":"info","message":"[SIASN] Redis initialized","timestamp":"2025-11-22T04:42:42.127Z"}
{"level":"info","message":"[SIASN] Redis initialized","timestamp":"2025-11-22T04:42:44.011Z"}
{"level":"info","message":"[SIASN] Redis initialized","timestamp":"2025-11-22T04:42:45.431Z"}
{"level":"info","message":"[SIASN] Redis initialized","timestamp":"2025-11-22T04:42:47.396Z"}
{"level":"info","message":"[SIASN] Redis initialized","timestamp":"2025-11-22T04:42:50.308Z"}
{"level":"info","message":"[SIASN] Redis initialized","timestamp":"2025-11-22T04:43:39.873Z"}
{"level":"info","message":"[SIASN] Redis initialized","timestamp":"2025-11-22T04:43:42.289Z"}
{"level":"error","message":"[SIASN] Server error: {\n  \"url\": \"/partition/list-pg-instansi?nip=199103052019031008\",\n  \"status\": 500,\n  \"message\": \"Request failed with status code 500\"\n}","timestamp":"2025-11-22T04:43:43.144Z"}
{"level":"info","message":"[SIASN] Creating new token","timestamp":"2025-11-22T04:46:21.149Z"}
{"level":"warn","message":"[SIASN] Lock acquisition failed, trying fallback {\n  \"error\": \"The operation was unable to achieve a quorum during its retry window.\"\n}","timestamp":"2025-11-22T04:46:21.591Z"}
{"level":"info","message":"[SIASN] Token acquired on retry 1","timestamp":"2025-11-22T04:46:22.597Z"}
{"level":"info","message":"[SIASN] Redis initialized","timestamp":"2025-11-22T04:46:26.517Z"}
{"level":"info","message":"[SIASN] Redis initialized","timestamp":"2025-11-22T04:48:07.089Z"}
{"level":"info","message":"[SIASN] Redis initialized","timestamp":"2025-11-22T04:48:07.871Z"}
