{"level":"error","message":"[Sequential Sign] ✗ Page 1 failed in 6440ms: Passphrase anda salah","timestamp":"2025-10-06T07:41:13.708Z"}
{"level":"error","message":"   ✗ Sequential signing failed: Gagal menandatangani halaman 1: Passphrase anda salah","timestamp":"2025-10-06T07:41:13.708Z"}
{"level":"error","message":"   ✗ Failed at page: 1","timestamp":"2025-10-06T07:41:13.708Z"}
{"level":"error","message":"   ✗ Completed pages: 0","timestamp":"2025-10-06T07:41:13.709Z"}
{"level":"error","message":"=== SIGN DOCUMENT ERROR ===","timestamp":"2025-10-06T07:41:13.840Z"}
{"level":"error","message":"Error: Gagal menandatangani halaman 1: Passphrase anda salah","timestamp":"2025-10-06T07:41:13.840Z"}
{"level":"error","message":"Stack: Error: Gagal menandatangani halaman 1: Passphrase anda salah\n    at signDocumentSequential (webpack-internal:///(api)/./utils/services/esign/signing-helpers.service.js:247:37)\n    at process.processTicksAndRejections (node:internal/process/task_queues:105:5)\n    at async signDocument (webpack-internal:///(api)/./utils/services/esign/signature-actions.service.js:94:32)\n    at async Array.sign (webpack-internal:///(api)/./controller/esign/esign-signature-requests.controller.js:219:31)","timestamp":"2025-10-06T07:41:13.841Z"}
{"level":"error","message":"=== SIGNDOCUMENT - CLEANUP START ===","timestamp":"2025-10-06T07:41:13.842Z"}
{"level":"error","message":"=== SIGNDOCUMENT - CLEANUP DONE ===","timestamp":"2025-10-06T07:41:13.842Z"}
{"level":"error","message":"[Sequential Sign] ✗ Page 1 failed in 5967ms: Passphrase anda salah","timestamp":"2025-10-06T07:53:07.986Z"}
{"level":"error","message":"   ✗ Sequential signing failed: Gagal menandatangani halaman 1: Passphrase anda salah","timestamp":"2025-10-06T07:53:07.986Z"}
{"level":"error","message":"   ✗ Failed at page: 1","timestamp":"2025-10-06T07:53:07.986Z"}
{"level":"error","message":"   ✗ Completed pages: 0","timestamp":"2025-10-06T07:53:07.986Z"}
{"level":"error","message":"=== SIGN DOCUMENT ERROR ===","timestamp":"2025-10-06T07:53:08.044Z"}
{"level":"error","message":"Error: Gagal menandatangani halaman 1: Passphrase anda salah","timestamp":"2025-10-06T07:53:08.044Z"}
{"level":"error","message":"Stack: Error: Gagal menandatangani halaman 1: Passphrase anda salah\n    at signDocumentSequential (webpack-internal:///(api)/./utils/services/esign/signing-helpers.service.js:267:37)\n    at process.processTicksAndRejections (node:internal/process/task_queues:105:5)\n    at async signDocument (webpack-internal:///(api)/./utils/services/esign/signature-actions.service.js:94:32)\n    at async Array.sign (webpack-internal:///(api)/./controller/esign/esign-signature-requests.controller.js:219:31)","timestamp":"2025-10-06T07:53:08.045Z"}
{"level":"error","message":"=== SIGNDOCUMENT - CLEANUP START ===","timestamp":"2025-10-06T07:53:08.046Z"}
{"level":"error","message":"=== SIGNDOCUMENT - CLEANUP DONE ===","timestamp":"2025-10-06T07:53:08.047Z"}
{"level":"error","message":"[Sequential Sign] ✗ Page 1 failed in 8031ms: Passphrase anda salah","timestamp":"2025-10-06T14:40:14.205Z"}
{"level":"error","message":"   ✗ Sequential signing failed: Gagal menandatangani halaman 1: Passphrase anda salah","timestamp":"2025-10-06T14:40:14.206Z"}
{"level":"error","message":"   ✗ Failed at page: 1","timestamp":"2025-10-06T14:40:14.206Z"}
{"level":"error","message":"   ✗ Completed pages: 0","timestamp":"2025-10-06T14:40:14.206Z"}
{"level":"error","message":"=== SIGN DOCUMENT ERROR ===","timestamp":"2025-10-06T14:40:14.259Z"}
{"level":"error","message":"Error: Gagal menandatangani halaman 1: Passphrase anda salah","timestamp":"2025-10-06T14:40:14.259Z"}
{"level":"error","message":"Stack: Error: Gagal menandatangani halaman 1: Passphrase anda salah\n    at signDocumentSequential (webpack-internal:///(api)/./utils/services/esign/signing-helpers.service.js:270:37)\n    at process.processTicksAndRejections (node:internal/process/task_queues:105:5)\n    at async signDocument (webpack-internal:///(api)/./utils/services/esign/signature-actions.service.js:94:32)\n    at async Array.sign (webpack-internal:///(api)/./controller/esign/esign-signature-requests.controller.js:219:31)","timestamp":"2025-10-06T14:40:14.259Z"}
{"level":"error","message":"=== SIGNDOCUMENT - CLEANUP START ===","timestamp":"2025-10-06T14:40:14.260Z"}
{"level":"error","message":"=== SIGNDOCUMENT - CLEANUP DONE ===","timestamp":"2025-10-06T14:40:14.260Z"}
{"level":"error","message":"[Sequential Sign] ✗ Page 1 failed in 7016ms: Passphrase anda salah","timestamp":"2025-10-06T14:47:34.512Z"}
{"level":"error","message":"   ✗ Sequential signing failed: Gagal menandatangani halaman 1: Passphrase anda salah","timestamp":"2025-10-06T14:47:34.513Z"}
{"level":"error","message":"   ✗ Failed at page: 1","timestamp":"2025-10-06T14:47:34.513Z"}
{"level":"error","message":"   ✗ Completed pages: 0","timestamp":"2025-10-06T14:47:34.513Z"}
{"level":"error","message":"=== SIGN DOCUMENT ERROR ===","timestamp":"2025-10-06T14:47:34.546Z"}
{"level":"error","message":"Error: Gagal menandatangani halaman 1: Passphrase anda salah","timestamp":"2025-10-06T14:47:34.546Z"}
{"level":"error","message":"Stack: Error: Gagal menandatangani halaman 1: Passphrase anda salah\n    at signDocumentSequential (webpack-internal:///(api)/./utils/services/esign/signing-helpers.service.js:264:37)\n    at process.processTicksAndRejections (node:internal/process/task_queues:105:5)\n    at async signDocument (webpack-internal:///(api)/./utils/services/esign/signature-actions.service.js:94:32)\n    at async Array.sign (webpack-internal:///(api)/./controller/esign/esign-signature-requests.controller.js:219:31)","timestamp":"2025-10-06T14:47:34.546Z"}
{"level":"error","message":"=== SIGNDOCUMENT - CLEANUP START ===","timestamp":"2025-10-06T14:47:34.546Z"}
{"level":"error","message":"=== SIGNDOCUMENT - CLEANUP DONE ===","timestamp":"2025-10-06T14:47:34.547Z"}
{"level":"error","message":"[Sequential Sign] ✗ Page 2 failed in 8657ms: Passphrase anda salah","timestamp":"2025-10-06T14:55:01.475Z"}
{"level":"error","message":"   ✗ Sequential signing failed: Gagal menandatangani halaman 2: Passphrase anda salah","timestamp":"2025-10-06T14:55:01.475Z"}
{"level":"error","message":"   ✗ Failed at page: 2","timestamp":"2025-10-06T14:55:01.475Z"}
{"level":"error","message":"   ✗ Completed pages: 0","timestamp":"2025-10-06T14:55:01.476Z"}
{"level":"error","message":"=== SIGN DOCUMENT ERROR ===","timestamp":"2025-10-06T14:55:01.529Z"}
{"level":"error","message":"Error: Gagal menandatangani halaman 2: Passphrase anda salah","timestamp":"2025-10-06T14:55:01.529Z"}
{"level":"error","message":"Stack: Error: Gagal menandatangani halaman 2: Passphrase anda salah\n    at signDocumentSequential (webpack-internal:///(api)/./utils/services/esign/signing-helpers.service.js:264:37)\n    at process.processTicksAndRejections (node:internal/process/task_queues:105:5)\n    at async signDocument (webpack-internal:///(api)/./utils/services/esign/signature-actions.service.js:94:32)\n    at async Array.sign (webpack-internal:///(api)/./controller/esign/esign-signature-requests.controller.js:219:31)","timestamp":"2025-10-06T14:55:01.530Z"}
{"level":"error","message":"=== SIGNDOCUMENT - CLEANUP START ===","timestamp":"2025-10-06T14:55:01.530Z"}
{"level":"error","message":"=== SIGNDOCUMENT - CLEANUP DONE ===","timestamp":"2025-10-06T14:55:01.531Z"}
